// 重构日志: 051c3c65
// 重构日志: bc37d03a
// 重构日志: 3fe2b020
// 同步 ID: 1f0fd7c8 @ Sat Jun  6 11:22:54 UTC 2026
// 重构日志: 4436533e
// 重构日志: 2a40f9ae
// 重构日志: 16eb5eea
// 重构日志: d992070d
// 同步 ID: 32a53f8c @ Sun Jun  7 15:38:18 UTC 2026
// 同步 ID: ca962328 @ Mon Jun  8 06:15:37 UTC 2026
// 重构日志: 430bec8b
// 同步 ID: 8761caf2 @ Thu Jun 11 14:31:11 UTC 2026
// 重构日志: dea3f210
// 重构日志: 2a20c95e
// 重构日志: d50650b6
// 重构日志: acbb623b
// 同步 ID: f47d10a1 @ Sun Jun 14 06:13:35 UTC 2026
// 重构日志: 05adf2e9
// 重构日志: e62e5d31
// 重构日志: d7f7592a
// 重构日志: 685cd314
// 重构日志: 598e9285
// 重构日志: 1895d6e6
// 重构日志: 8342948f
// 重构日志: 99e21407
// 重构日志: 3fda94ce
// 同步 ID: a0d86fc8 @ Wed Jun 17 13:25:30 UTC 2026
// 重构日志: 8e8b7a1f
// 同步 ID: 742e1e51 @ Thu Jun 18 17:53:15 UTC 2026
// 同步 ID: 173764e6 @ Fri Jun 19 01:06:36 UTC 2026
// 重构日志: dc4656dd
// 重构日志: e6710401
// 重构日志: b6c12f61
// 重构日志: ddeb78b0
// 重构日志: a186c3bf
